{"level":"info","message":"Using browser folder 'D:\\Alejandro Cardenas\\Documents\\GitHub\\chatBot\\tokens\\zumitos'","service":"user-service","session":"zumitos","type":"browser"}
{"level":"info","message":"Initializing browser...","service":"user-service","session":"zumitos","type":"browser"}
{"level":"info","message":"Initializing...","service":"user-service","session":"zumitos","type":"client"}
{"level":"info","message":"WhatsApp WEB version: 2.2307.10","service":"user-service","session":"zumitos","type":"client"}
{"level":"info","message":"WA-JS version: 2.24.4","service":"user-service","session":"zumitos","type":"client"}
{"level":"info","message":"Auto close configured to 60s","service":"user-service","session":"zumitos","type":"client"}
{"level":"info","message":"Auto close configured to 180s","service":"user-service","session":"zumitos","type":"client"}
{"level":"info","message":"Using browser folder 'D:\\Alejandro Cardenas\\Documents\\GitHub\\chatBot\\tokens\\zumitos'","service":"user-service","session":"zumitos","type":"browser"}
{"level":"info","message":"Initializing browser...","service":"user-service","session":"zumitos","type":"browser"}
{"level":"info","message":"Initializing...","service":"user-service","session":"zumitos","type":"client"}
{"level":"info","message":"WhatsApp WEB version: 2.2307.10","service":"user-service","session":"zumitos","type":"client"}
{"level":"info","message":"WA-JS version: 2.24.4","service":"user-service","session":"zumitos","type":"client"}
{"level":"info","message":"Auto close configured to 60s","service":"user-service","session":"zumitos","type":"client"}
{"level":"info","message":"Auto close configured to 180s","service":"user-service","session":"zumitos","type":"client"}
{"level":"info","message":"Using browser folder 'D:\\Alejandro Cardenas\\Documents\\GitHub\\chatBot\\tokens\\zumitos'","service":"user-service","session":"zumitos","type":"browser"}
{"level":"info","message":"Initializing browser...","service":"user-service","session":"zumitos","type":"browser"}
{"level":"info","message":"Initializing...","service":"user-service","session":"zumitos","type":"client"}
{"level":"info","message":"WhatsApp WEB version: 2.2307.10","service":"user-service","session":"zumitos","type":"client"}
{"level":"info","message":"WA-JS version: 2.24.4","service":"user-service","session":"zumitos","type":"client"}
{"level":"info","message":"Auto close configured to 60s","service":"user-service","session":"zumitos","type":"client"}
{"level":"info","message":"Auto close configured to 180s","service":"user-service","session":"zumitos","type":"client"}
{"level":"info","message":"Using browser folder 'D:\\Alejandro Cardenas\\Documents\\GitHub\\chatBot\\tokens\\zumitos'","service":"user-service","session":"zumitos","type":"browser"}
{"level":"info","message":"Initializing browser...","service":"user-service","session":"zumitos","type":"browser"}
{"level":"info","message":"Initializing...","service":"user-service","session":"zumitos","type":"client"}
{"level":"info","message":"WhatsApp WEB version: 2.2307.10","service":"user-service","session":"zumitos","type":"client"}
{"level":"info","message":"WA-JS version: 2.24.4","service":"user-service","session":"zumitos","type":"client"}
{"level":"info","message":"Auto close configured to 60s","service":"user-service","session":"zumitos","type":"client"}
{"level":"info","message":"Auto close configured to 180s","service":"user-service","session":"zumitos","type":"client"}
{"level":"info","message":"Using browser folder 'D:\\Alejandro Cardenas\\Documents\\GitHub\\chatBot\\tokens\\zumitos'","service":"user-service","session":"zumitos","type":"browser"}
{"level":"info","message":"Initializing browser...","service":"user-service","session":"zumitos","type":"browser"}
{"level":"info","message":"Initializing...","service":"user-service","session":"zumitos","type":"client"}
{"level":"info","message":"WhatsApp WEB version: 2.2307.10","service":"user-service","session":"zumitos","type":"client"}
{"level":"info","message":"WA-JS version: 2.24.4","service":"user-service","session":"zumitos","type":"client"}
{"level":"info","message":"Auto close configured to 60s","service":"user-service","session":"zumitos","type":"client"}
{"level":"info","message":"Auto close configured to 180s","service":"user-service","session":"zumitos","type":"client"}
{"level":"info","message":"Using browser folder 'D:\\Alejandro Cardenas\\Documents\\GitHub\\chatBot\\tokens\\zumitos'","service":"user-service","session":"zumitos","type":"browser"}
{"level":"info","message":"Initializing browser...","service":"user-service","session":"zumitos","type":"browser"}
{"level":"info","message":"Initializing...","service":"user-service","session":"zumitos","type":"client"}
{"level":"info","message":"WhatsApp WEB version: 2.2307.10","service":"user-service","session":"zumitos","type":"client"}
{"level":"info","message":"WA-JS version: 2.24.4","service":"user-service","session":"zumitos","type":"client"}
{"level":"info","message":"Auto close configured to 60s","service":"user-service","session":"zumitos","type":"client"}
{"level":"info","message":"Auto close configured to 180s","service":"user-service","session":"zumitos","type":"client"}
